2024-09-16T18:44:56.303-05:00  INFO 13608 --- [main] c.p.pet_shop_api.PetShopApiApplication   : Starting PetShopApiApplication using Java 17.0.12 with PID 13608 (C:\Users\annca\OneDrive\Desktop\pet-shop-api\build\classes\java\main started by Ann in C:\Users\annca\OneDrive\Desktop\pet-shop-api)
2024-09-16T18:44:56.313-05:00  INFO 13608 --- [main] c.p.pet_shop_api.PetShopApiApplication   : The following 1 profile is active: "dev"
2024-09-16T18:44:56.910-05:00  INFO 13608 --- [main] .s.d.r.c.RepositoryConfigurationDelegate : Bootstrapping Spring Data JPA repositories in DEFAULT mode.
2024-09-16T18:44:56.977-05:00  INFO 13608 --- [main] .s.d.r.c.RepositoryConfigurationDelegate : Finished Spring Data repository scanning in 57 ms. Found 3 JPA repository interfaces.
2024-09-16T18:44:57.524-05:00  INFO 13608 --- [main] o.s.b.w.embedded.tomcat.TomcatWebServer  : Tomcat initialized with port 9090 (http)
2024-09-16T18:44:57.536-05:00  INFO 13608 --- [main] o.apache.catalina.core.StandardService   : Starting service [Tomcat]
2024-09-16T18:44:57.537-05:00  INFO 13608 --- [main] o.apache.catalina.core.StandardEngine    : Starting Servlet engine: [Apache Tomcat/10.1.28]
2024-09-16T18:44:57.603-05:00  INFO 13608 --- [main] o.a.c.c.C.[.[localhost].[/pet-shop-api]  : Initializing Spring embedded WebApplicationContext
2024-09-16T18:44:57.604-05:00  INFO 13608 --- [main] w.s.c.ServletWebServerApplicationContext : Root WebApplicationContext: initialization completed in 1237 ms
2024-09-16T18:44:57.763-05:00  INFO 13608 --- [main] o.hibernate.jpa.internal.util.LogHelper  : HHH000204: Processing PersistenceUnitInfo [name: default]
2024-09-16T18:44:57.825-05:00  INFO 13608 --- [main] org.hibernate.Version                    : HHH000412: Hibernate ORM core version 6.5.2.Final
2024-09-16T18:44:57.862-05:00  INFO 13608 --- [main] o.h.c.internal.RegionFactoryInitiator    : HHH000026: Second-level cache disabled
2024-09-16T18:44:58.153-05:00  INFO 13608 --- [main] o.s.o.j.p.SpringPersistenceUnitInfo      : No LoadTimeWeaver setup: ignoring JPA class transformer
2024-09-16T18:44:58.183-05:00  INFO 13608 --- [main] com.zaxxer.hikari.HikariDataSource       : HikariPool-1 - Starting...
2024-09-16T18:44:58.507-05:00  INFO 13608 --- [main] com.zaxxer.hikari.pool.HikariPool        : HikariPool-1 - Added connection com.mysql.cj.jdbc.ConnectionImpl@52b30054
2024-09-16T18:44:58.510-05:00  INFO 13608 --- [main] com.zaxxer.hikari.HikariDataSource       : HikariPool-1 - Start completed.
2024-09-16T18:44:58.562-05:00  WARN 13608 --- [main] org.hibernate.orm.deprecation            : HHH90000025: MySQLDialect does not need to be specified explicitly using 'hibernate.dialect' (remove the property setting and it will be selected by default)
2024-09-16T18:44:59.356-05:00  INFO 13608 --- [main] o.h.e.t.j.p.i.JtaPlatformInitiator       : HHH000489: No JTA platform available (set 'hibernate.transaction.jta.platform' to enable JTA platform integration)
2024-09-16T18:44:59.426-05:00  INFO 13608 --- [main] j.LocalContainerEntityManagerFactoryBean : Initialized JPA EntityManagerFactory for persistence unit 'default'
2024-09-16T18:44:59.760-05:00  WARN 13608 --- [main] JpaBaseConfiguration$JpaWebConfiguration : spring.jpa.open-in-view is enabled by default. Therefore, database queries may be performed during view rendering. Explicitly configure spring.jpa.open-in-view to disable this warning
2024-09-16T18:45:00.133-05:00  INFO 13608 --- [main] o.s.b.w.embedded.tomcat.TomcatWebServer  : Tomcat started on port 9090 (http) with context path '/pet-shop-api'
2024-09-16T18:45:00.143-05:00  INFO 13608 --- [main] c.p.pet_shop_api.PetShopApiApplication   : Started PetShopApiApplication in 4.239 seconds (process running for 4.614)
2024-09-16T18:45:33.754-05:00  INFO 13608 --- [http-nio-9090-exec-2] o.a.c.c.C.[.[localhost].[/pet-shop-api]  : Initializing Spring DispatcherServlet 'dispatcherServlet'
2024-09-16T18:45:33.754-05:00  INFO 13608 --- [http-nio-9090-exec-2] o.s.web.servlet.DispatcherServlet        : Initializing Servlet 'dispatcherServlet'
2024-09-16T18:45:33.755-05:00  INFO 13608 --- [http-nio-9090-exec-2] o.s.web.servlet.DispatcherServlet        : Completed initialization in 1 ms
